This is LuaHBTeX, Version 1.21.0 (TeX Live 2025)  (format=lualatex 2025.12.19)  30 JAN 2026 19:27
 restricted system commands enabled.
**past_exam_solutions.tex
(./past_exam_solutions.tex
LaTeX2e <2024-11-01> patch level 2
L3 programming layer <2025-01-18>
Lua module: luaotfload 2024-12-03 v3.29 Lua based OpenType font support
Lua module: lualibs 2023-07-13 v2.76 ConTeXt Lua standard libraries.
Lua module: lualibs-extended 2023-07-13 v2.76 ConTeXt Lua libraries -- extended 
collection.
luaotfload | conf : Root cache directory is "/Users/yuto/Library/texlive/2025bas
ic/texmf-var/luatex-cache/generic/names".
luaotfload | init : Loading fontloader "fontloader-2023-12-28.lua" from kpse-res
olved path "/usr/local/texlive/2025basic/texmf-dist/tex/luatex/luaotfload/fontlo
ader-2023-12-28.lua".
Lua-only attribute luaotfload@noligature = 1
luaotfload | init : Context OpenType loader version 3.134
Inserting `luaotfload.node_processor' in `pre_linebreak_filter'.
Inserting `luaotfload.node_processor' in `hpack_filter'.
Inserting `luaotfload.glyph_stream' in `glyph_stream_provider'.
Inserting `luaotfload.define_font' in `define_font'.
Lua-only attribute luaotfload_color_attribute = 2
luaotfload | conf : Root cache directory is "/Users/yuto/Library/texlive/2025bas
ic/texmf-var/luatex-cache/generic/names".
Inserting `luaotfload.harf.strip_prefix' in `find_opentype_file'.
Inserting `luaotfload.harf.strip_prefix' in `find_truetype_file'.
Removing  `luaotfload.glyph_stream' from `glyph_stream_provider'.
Inserting `luaotfload.harf.glyphstream' in `glyph_stream_provider'.
Inserting `luaotfload.harf.finalize_vlist' in `post_linebreak_filter'.
Inserting `luaotfload.harf.finalize_hlist' in `hpack_filter'.
Inserting `luaotfload.cleanup_files' in `wrapup_run'.
Inserting `luaotfload.harf.finalize_unicode' in `finish_pdffile'.
Inserting `luaotfload.glyphinfo' in `glyph_info'.
Lua-only attribute luaotfload.letterspace_done = 3
Inserting `luaotfload.aux.set_sscale_dimens' in `luaotfload.patch_font'.
Inserting `luaotfload.aux.set_font_index' in `luaotfload.patch_font'.
Inserting `luaotfload.aux.patch_cambria_domh' in `luaotfload.patch_font'.
Inserting `luaotfload.aux.fixup_fontdata' in `luaotfload.patch_font_unsafe'.
Inserting `luaotfload.aux.set_capheight' in `luaotfload.patch_font'.
Inserting `luaotfload.aux.set_xheight' in `luaotfload.patch_font'.
Inserting `luaotfload.rewrite_fontname' in `luaotfload.patch_font'.
Inserting `tracingstacklevels' in `input_level_string'. (/usr/local/texlive/202
5basic/texmf-dist/tex/luatex/luatexja/ltjsarticle.cls
Document Class: ltjsarticle 2025-05-26 ltjsclasses 
(/usr/local/texlive/2025basic/texmf-dist/tex/luatex/luatexja/luatexja.sty
Package: luatexja 2026-01-07 Japanese Typesetting with Lua(La)TeX

(/usr/local/texlive/2025basic/texmf-dist/tex/luatex/luatexja/luatexja-core.sty
Package: luatexja-core 2023-10-07 Core of LuaTeX-ja

(/usr/local/texlive/2025basic/texmf-dist/tex/generic/infwarerr/infwarerr.sty
Package: infwarerr 2019/12/03 v1.5 Providing info/warning/error messages (HO)
)
(/usr/local/texlive/2025basic/texmf-dist/tex/luatex/luatexbase/luatexbase.sty
Package: luatexbase 2015/10/04 v1.3 luatexbase interface to LuaTeX 

(/usr/local/texlive/2025basic/texmf-dist/tex/luatex/ctablestack/ctablestack.sty
Package: ctablestack 2015/10/01 v1.0 Catcode table stable support
\@catcodetablestackcnt=\count194
)
\CatcodeTableOther=\catcodetable14
\CatcodeTableExpl=\catcodetable15
) (/usr/local/texlive/2025basic/texmf-dist/tex/generic/ltxcmds/ltxcmds.sty
Package: ltxcmds 2023-12-04 v1.26 LaTeX kernel commands for general use (HO)
)
(/usr/local/texlive/2025basic/texmf-dist/tex/generic/pdftexcmds/pdftexcmds.sty
Package: pdftexcmds 2020-06-27 v0.33 Utility functions of pdfTeX for LuaTeX (HO
)

(/usr/local/texlive/2025basic/texmf-dist/tex/generic/iftex/iftex.sty
Package: iftex 2024/12/12 v1.0g TeX engine tests
)
Package pdftexcmds Info: \pdf@primitive is available.
Package pdftexcmds Info: \pdf@ifprimitive is available.
Package pdftexcmds Info: \pdfdraftmode found.
\pdftexcmds@toks=\toks17
)
(/usr/local/texlive/2025basic/texmf-dist/tex/latex/xkeyval/xkeyval.sty
Package: xkeyval 2022/06/16 v2.9 package option processing (HA)

(/usr/local/texlive/2025basic/texmf-dist/tex/generic/xkeyval/xkeyval.tex
(/usr/local/texlive/2025basic/texmf-dist/tex/generic/xkeyval/xkvutils.tex
\XKV@toks=\toks18
\XKV@tempa@toks=\toks19

(/usr/local/texlive/2025basic/texmf-dist/tex/generic/xkeyval/keyval.tex))
\XKV@depth=\count195
File: xkeyval.tex 2014/12/03 v2.7a key=value parser (HA)
))
(/usr/local/texlive/2025basic/texmf-dist/tex/latex/etoolbox/etoolbox.sty
Package: etoolbox 2025/02/11 v2.5l e-TeX tools for LaTeX (JAW)
\etb@tempcnta=\count196
)
(/usr/local/texlive/2025basic/texmf-dist/tex/latex/everyhook/everyhook.sty
(/usr/local/texlive/2025basic/texmf-dist/tex/latex/svn-prov/svn-prov.sty
Package: svn-prov 2010/04/24 v3.1862 Package Date/Version from SVN Keywords
)
Package: everyhook 2014/11/26 v1.2 (SVN Rev: 12)\ Hooks for low level TeX every
X primitives.
\everypar=\toks20
\frozen@everymath=\toks21
\frozen@everydisplay=\toks22
\everyhbox=\toks23
\everyvbox=\toks24
\everycr=\toks25
)
\ltjlineendcomment=\count197
\ltj@dimen@zw=\dimen140
\ltj@dimen@zh=\dimen141
\ltj@dimen@jQ=\dimen142
\ltj@icflag=\attribute4
\ltj@curjfnt=\attribute5
\ltj@curtfnt=\attribute6
\ltj@charclass=\attribute7
\ltj@charcode=\attribute8
\ltj@autospc=\attribute9
\ltj@autoxspc=\attribute10
\ltj@yablshift=\attribute11
\ltj@ykblshift=\attribute12
\ltj@tablshift=\attribute13
\ltj@tkblshift=\attribute14
\jfam=\attribute15
\ltj@vert@ori=\attribute16
\ltj@dir=\attribute17
\ltj@@japanese=\language2
\ltj@tempcnta=\count198
\ltj@tempdima=\dimen143
\ltj@@stack=\count199
\ltj@@group@level=\count266
\ltj@kcat0=\attribute18
\ltj@kcat1=\attribute19
\ltj@kcat2=\attribute20
\ltj@kcat3=\attribute21
\ltj@kcat4=\attribute22
\ltj@kcat5=\attribute23
\ltj@kcat6=\attribute24
Custom whatsit inhibitglue = 1
Custom whatsit stack_marker = 2
Custom whatsit begin_par = 3
Custom whatsit direction = 4
Custom whatsit box_boundary = 5
Custom whatsit ja_al_boundary = 6(load cache: ltj-cid-auto-adobe-japan1.luc)
Lua module: luatexja.charrange 2022-08-19 Handling the range of Japanese charact
ers
Lua module: luatexja.stack 2022-08-20 LuaTeX-ja stack system
Inserting `ltj.create_dir_whatsit' in `hpack_filter'.
Inserting `ltj.create_dir_whatsit' in `post_linebreak_filter'.
Inserting `ltj.direction' in `vpack_filter'.
Inserting `ltj.direction' in `pre_output_filter'.
Inserting `ltj.lineskip' in `post_linebreak_filter'.
Inserting `ltj.lineskip' in `append_to_vlist_filter'.
Lua module: luatexja.jfont 2025-05-04 Loader for Japanese fonts
Removing  `luaotfload.define_font' from `define_font'.
Inserting `luatexja.font_callback' in `define_font'.
Removing  `luaotfload.aux.set_sscale_dimens' from `luaotfload.patch_font'.
Removing  `luaotfload.aux.set_font_index' from `luaotfload.patch_font'.
Removing  `luaotfload.aux.patch_cambria_domh' from `luaotfload.patch_font'.
Removing  `luaotfload.aux.set_capheight' from `luaotfload.patch_font'.
Removing  `luaotfload.aux.set_xheight' from `luaotfload.patch_font'.
Removing  `luaotfload.rewrite_fontname' from `luaotfload.patch_font'.
Inserting `ltj.prepare_extra_data' in `luaotfload.patch_font'.
Inserting `luaotfload.aux.set_sscale_dimens' in `luaotfload.patch_font'.
Inserting `luaotfload.aux.set_font_index' in `luaotfload.patch_font'.
Inserting `luaotfload.aux.patch_cambria_domh' in `luaotfload.patch_font'.
Inserting `luaotfload.aux.set_capheight' in `luaotfload.patch_font'.
Inserting `luaotfload.aux.set_xheight' in `luaotfload.patch_font'.
Inserting `luaotfload.rewrite_fontname' in `luaotfload.patch_font'.
Inserting `ltj.prepare_extra_data' in `luatexja.define_font'.
Inserting `ltj.get_vert_form' in `luatexja.define_jfont'.
Removing  `ltj.prepare_extra_data' from `luaotfload.patch_font'.
Removing  `luaotfload.aux.set_sscale_dimens' from `luaotfload.patch_font'.
Removing  `luaotfload.aux.set_font_index' from `luaotfload.patch_font'.
Removing  `luaotfload.aux.patch_cambria_domh' from `luaotfload.patch_font'.
Removing  `luaotfload.aux.set_capheight' from `luaotfload.patch_font'.
Removing  `luaotfload.aux.set_xheight' from `luaotfload.patch_font'.
Removing  `luaotfload.rewrite_fontname' from `luaotfload.patch_font'.
Inserting `ltj.supply_tounicode' in `luaotfload.patch_font'.
Inserting `ltj.prepare_extra_data' in `luaotfload.patch_font'.
Inserting `luaotfload.aux.set_sscale_dimens' in `luaotfload.patch_font'.
Inserting `luaotfload.aux.set_font_index' in `luaotfload.patch_font'.
Inserting `luaotfload.aux.patch_cambria_domh' in `luaotfload.patch_font'.
Inserting `luaotfload.aux.set_capheight' in `luaotfload.patch_font'.
Inserting `luaotfload.aux.set_xheight' in `luaotfload.patch_font'.
Inserting `luaotfload.rewrite_fontname' in `luaotfload.patch_font'.
Inserting `ltj.process_input_buffer' in `process_input_buffer'.
Inserting `ltj.hyphenate' in `hyphenate'.
Removing  `luaotfload.node_processor' from `hpack_filter'.
Removing  `luaotfload.harf.finalize_hlist' from `hpack_filter'.
Removing  `ltj.create_dir_whatsit' from `hpack_filter'.
Inserting `ltj.set_stack_level' in `hpack_filter'.
Inserting `luaotfload.node_processor' in `hpack_filter'.
Inserting `luaotfload.harf.finalize_hlist' in `hpack_filter'.
Inserting `ltj.create_dir_whatsit' in `hpack_filter'.
Removing  `luaotfload.node_processor' from `pre_linebreak_filter'.
Inserting `ltj.set_stack_level' in `pre_linebreak_filter'.
Inserting `luaotfload.node_processor' in `pre_linebreak_filter'.
Lua module: luatexja.jfmglue 2026-01-07 Insertion process of JFM glues, [x]kanji
skip and others
Inserting `luatexja.beginpar.np_info' in `luatexja.jfmglue.whatsit_getinfo'.
Inserting `luatexja.beginpar.np_info_after' in `luatexja.jfmglue.whatsit_after'.
Inserting `ltj.mlist_to_hlist_pre' in `pre_mlist_to_hlist_filter'.
Inserting `ltj.main' in `pre_linebreak_filter'.
Removing  `luaotfload.harf.finalize_hlist' from `hpack_filter'.
Removing  `ltj.create_dir_whatsit' from `hpack_filter'.
Inserting `ltj.main' in `hpack_filter'.
Inserting `luaotfload.harf.finalize_hlist' in `hpack_filter'.
Inserting `ltj.create_dir_whatsit' in `hpack_filter'.
Removing  `ltj.set_stack_level' from `pre_linebreak_filter'.
Removing  `luaotfload.node_processor' from `pre_linebreak_filter'.
Removing  `ltj.main' from `pre_linebreak_filter'.
Inserting `ltj.adjust_icflag' in `pre_linebreak_filter'.
Inserting `ltj.set_stack_level' in `pre_linebreak_filter'.
Inserting `luaotfload.node_processor' in `pre_linebreak_filter'.
Inserting `ltj.main' in `pre_linebreak_filter'.
Removing  `ltj.set_stack_level' from `hpack_filter'.
Removing  `luaotfload.node_processor' from `hpack_filter'.
Removing  `ltj.main' from `hpack_filter'.
Removing  `luaotfload.harf.finalize_hlist' from `hpack_filter'.
Removing  `ltj.create_dir_whatsit' from `hpack_filter'.
Inserting `ltj.adjust_icflag' in `hpack_filter'.
Inserting `ltj.set_stack_level' in `hpack_filter'.
Inserting `luaotfload.node_processor' in `hpack_filter'.
Inserting `ltj.main' in `hpack_filter'.
Inserting `luaotfload.harf.finalize_hlist' in `hpack_filter'.
Inserting `ltj.create_dir_whatsit' in `hpack_filter'.
(/usr/local/texlive/2025basic/texmf-dist/tex/luatex/luatexja/ltj-base.sty
Package: ltj-base 2021-03-16
\ltj@tempcntb=\count267
\ltj@tempcntc=\count268
\ltj@afbox=\box52
)
\ltj@@italic@inner=\luafunction29
\ltj@@start@time@measure@inner=\luafunction30
\ltj@@stop@time@measure@inner=\luafunction31
\ltj@@jfont@inner=\luafunction32
\ltj@zw@inner=\luafunction33
\ltj@zh@inner=\luafunction34
\ltj@reset@globaldefs@inner=\luafunction35
\ltj@restore@globaldefs@inner=\luafunction36
\ltj@@disihb@inner=\luafunction37
\ltj@@ihb@inner=\luafunction38
\ltj@@fakeparbegin@inner=\luafunction39
\ltj@@fakeboxbdd@inner=\luafunction40
\ltj@@ins@xk@inner=\luafunction41
\ltj@@ins@k@inner=\luafunction42
\ltjsetkanjiskip@inner=\luafunction43
\ltjsetxkanjiskip@inner=\luafunction44
\ltj@@getparam@one@inner=\luafunction45
\ltj@alljachar@inner=\luafunction46
\ltj@@lua@populate@insertwhatsit@inner=\luafunction47
\ltj@@vadjust@begin@inner=\luafunction48
\ltj@@vadjust@dirhook@inner=\luafunction49
\ltj@@vadjust@check@dir@inner=\luafunction50
\ltj@@box@dirhook@inner=\luafunction51
\ltj@@reset@badness@inner=\luafunction52
\ltj@@lua@raisebox@inner=\luafunction53
\ltj@@vsplit@inner=\luafunction54
\ltj@@lua@unboxcheckdir@inner=\luafunction55
\ltj@@lua@uncopycheckdir@inner=\luafunction56
\ltj@@lua@uncopy@restore@whatsit@inner=\luafunction57
(load cache: ltj-kinsoku_default.luc)
(/usr/local/texlive/2025basic/texmf-dist/tex/luatex/luatexja/ltj-latex.sty
Package: ltj-latex 2025-06-08 LaTeX support of LuaTeX-ja
Inserting `ltj.direction' in `pre_shipout_filter'.
(/usr/local/texlive/2025basic/texmf-dist/tex/luatex/luatexja/patches/lltjfont.s
ty
Package: lltjfont 2025-10-26 Patch to NFSS2 for LuaTeX-ja
\ltj@@latex@plv=\count269
 (/usr/local/texlive/2025basic/texmf-dist/tex/latex/base/tuenc.def
File: tuenc.def 2021/04/29 v2.0v Standard LaTeX file
\@remove@tlig@@@=\luafunction58
LaTeX Font Info:    Redeclaring font encoding TU on input line 105.
)
\Cht=\dimen144
\cht=\dimen145
\Cdp=\dimen146
\cdp=\dimen147
\Cwd=\dimen148
\cwd=\dimen149
\Cvs=\dimen150
\cvs=\dimen151
\Chs=\dimen152
\chs=\dimen153
\cHT=\dimen154
\dstrutbox=\box53
\tstrutbox=\box54
\zstrutbox=\box55
LaTeX Info: Redefining \strut on input line 71.
\ltj@@add@fenc@@inner=\luafunction59
\ltj@@add@kyenc@@inner=\luafunction60
\ltj@@add@ktenc@@inner=\luafunction61
\ltj@@is@kyenc@@inner=\luafunction62
\ltj@@is@ktenc@@inner=\luafunction63
\ltj@@is@kenc@@inner=\luafunction64
\ltj@@is@ffam@@inner=\luafunction65
\ltj@@add@ffam@@inner=\luafunction66
\ltj@@add@kfam@@inner=\luafunction67
\ltj@@adjust@baseline@inner=\luafunction68
LaTeX Info: Redefining \fontencoding on input line 573.
LaTeX Info: Redefining \fontfamily on input line 657.
LaTeX Info: Redefining \fontseries on input line 813.
LaTeX Info: Redefining \fontseriesforce on input line 814.
LaTeX Info: Redefining \fontshape on input line 822.
LaTeX Info: Redefining \fontshapeforce on input line 833.
\ltj@@jfont@@jfmonly@@inner=\luafunction69
\ltj@@does@alt@set@@inner=\luafunction70
\ltj@@cipath@clear@inner=\luafunction71
)
(/usr/local/texlive/2025basic/texmf-dist/tex/luatex/luatexja/patches/lltjdefs.s
ty
Package: lltjdefs 2024-05-16 Default font settings of LuaTeX-ja
luaotfload | db : Font names database loaded from /Users/yuto/Library/texlive/20
25basic/texmf-var/luatex-cache/generic/names/luaotfload-names.luc.gz(load cache:
 extra_lmroman10-regular.luc)
LaTeX Font Info:    Font shape `JT3/mc/m/n' will be
(Font)              scaled to size 9.24713pt on input line 69.

(/usr/local/texlive/2025basic/texmf-dist/tex/luatex/luatexja/jfm-ujisv.lua)
LaTeX Font Info:    Font shape `JY3/mc/m/n' will be
(Font)              scaled to size 9.24713pt on input line 69.
luaotfload | db : Reload initiated (formats: otf,ttf,ttc); reason: File not foun
d: "HaranoAjiMincho-Regular.otf".
! Font \JY3/mc/m/n/10=file:HaranoAjiMincho-Regular.otf:-kern;jfm=ujis at 9.24713
pt not loadable: metric data not found or bad.
<to be read again> 
                   relax 
l.69 \kanjiencoding{JY3}\selectfont
                                   \adjustbaseline
I wasn't able to read the size data for this font,
so I will ignore the font specification.
[Wizards can fix TFM files using TFtoPL/PLtoTF.]
You might try inserting a different font spec;
e.g., type `I\font<same font id>=<substitute font name>'.

(/usr/local/texlive/2025basic/texmf-dist/tex/luatex/luatexja/jfm-ujis.lua)
\symmincho=\mathgroup4
LaTeX Font Info:    Overwriting symbol font `mincho' in version `bold'
(Font)                  JY3/mc/m/n --> JY3/gt/m/n on input line 78.
)
(/usr/local/texlive/2025basic/texmf-dist/tex/luatex/luatexja/patches/lltjcore-2
41201.sty
Package: lltjcore-241201 2025-03-02 Patch to LaTeX2e Kernel for LuaTeX-ja
 (/usr/local/texlive/2025basic/texmf-dist/tex/latex/l3kernel/expl3.sty
Package: expl3 2025-01-18 L3 programming layer (loader) 

(/usr/local/texlive/2025basic/texmf-dist/tex/latex/l3backend/l3backend-luatex.d
ef
File: l3backend-luatex.def 2024-05-08 L3 backend support: PDF output (LuaTeX)
\l__color_backend_stack_int=\count270
Inserting `l3color' in `luaotfload.parse_color'.
\l__pdf_internal_box=\box56
))
\@tombowwidth=\dimen155
\@TL=\box57
\@Tl=\box58
\@TC=\box59
\@TR=\box60
\@Tr=\box61
\@BL=\box62
\@Bl=\box63
\@BC=\box64
\@BR=\box65
\@Br=\box66
\@CL=\box67
\@CR=\box68
(load cache: extra_lmmono9-regular.luc)
\@bannertoken=\toks26
\@@paperheight=\dimen156
\@@paperwidth=\dimen157
\@@topmargin=\dimen158
LaTeX Info: Redefining \underline on input line 285.
)
(/usr/local/texlive/2025basic/texmf-dist/tex/luatex/luatexja/patches/lltjp-atbe
gshi.sty
Package: lltjp-atbegshi 2024-05-14 Patching \shipout hooks for LuaTeX-ja
\l__platex_shipout_dummy_box=\box69
)
(/usr/local/texlive/2025basic/texmf-dist/tex/luatex/luatexja/patches/lltjp-geom
etry.sty
Package: lltjp-geometry 2024-05-16 Patch to geometry for LuaTeX-ja with vertica
l writing mode

(/usr/local/texlive/2025basic/texmf-dist/tex/generic/iftex/ifluatex.sty
Package: ifluatex 2019/10/25 v1.5 ifluatex legacy package. Use iftex instead.
)))
\ltj@temp@cctb=\catcodetable16
)
(/usr/local/texlive/2025basic/texmf-dist/tex/luatex/luatexja/luatexja-compat.st
y
Package: luatexja-compat 2025-09-21 Compatibility with pTeX
(load cache: ltj-jisx0208.luc)
\hour=\count271
\minute=\count272
))
\jsc@mpt=\dimen159
\jsc@mmm=\dimen160
\ltjs@@magnify@font@calc=\luafunction72
\jsc@smallskipamount=\skip49
(load cache: extra_lmroman9-regular.luc)
LaTeX Font Info:    Font shape `JY3/mc/m/n' will be
(Font)              scaled to size 8.44485pt on input line 417.

! Font \JY3/mc/m/n/10=file:HaranoAjiMincho-Regular.otf:-kern;jfm=ujis at 9.24713
pt not loadable: metric data not found or bad.
<to be read again> 
                   relax 
l.417 \mcfamily
               \selectfont\normalsize
I wasn't able to read the size data for this font,
so I will ignore the font specification.
[Wizards can fix TFM files using TFtoPL/PLtoTF.]
You might try inserting a different font spec;
e.g., type `I\font<same font id>=<substitute font name>'.

LaTeX Font Info:    Font shape `JY3/mc/m/n' will be
(Font)              scaled to size 8.44485pt on input line 417.
! Font \JY3/mc/m/n/10=file:HaranoAjiMincho-Regular.otf:-kern;jfm=ujis at 9.24713
pt not loadable: metric data not found or bad.
<to be read again> 
                   relax 
l.417 \mcfamily\selectfont
                          \normalsize
I wasn't able to read the size data for this font,
so I will ignore the font specification.
[Wizards can fix TFM files using TFtoPL/PLtoTF.]
You might try inserting a different font spec;
e.g., type `I\font<same font id>=<substitute font name>'.

LaTeX Font Info:    Font shape `JT3/mc/m/n' will be
(Font)              scaled to size 9.24713pt on input line 417.
LaTeX Font Info:    Font shape `JY3/mc/m/n' will be
(Font)              scaled to size 9.24713pt on input line 417.
! Font \JY3/mc/m/n/10.95001=file:HaranoAjiMincho-Regular.otf:-kern;jfm=ujis at 1
0.1256pt not loadable: metric data not found or bad.
<to be read again> 
                   relax 
l.417 \mcfamily\selectfont\normalsize
                                     
I wasn't able to read the size data for this font,
so I will ignore the font specification.
[Wizards can fix TFM files using TFtoPL/PLtoTF.]
You might try inserting a different font spec;
e.g., type `I\font<same font id>=<substitute font name>'.


warning  (hpack filter): error: ...2025basic/texmf-dist/tex/luatex/luatexja/ltj-
jfmglue.lua:639: attempt to index a nil value (local 'm')

.
<to be read again> 
                   \ltj@@reset@badness 
l.418 \setbox0\hbox{漢}
                        󿿿
The lua interpreter ran into a problem, so the
remainder of this lua chunk will be ignored.

\fullwidth=\dimen161
! Arithmetic overflow.
<recently read> \@tempdima 
                           
l.509 \divide\fullwidth\@tempdima
                                  \multiply\fullwidth\@tempdima
I can't carry out that multiplication or division,
since the result is out of range.

! Arithmetic overflow.
<recently read> \@tempdima 
                           
l.545 \divide\marginparwidth\@tempdima
                                      
I can't carry out that multiplication or division,
since the result is out of range.

(load cache: extra_lmroman8-regular.luc)
LaTeX Font Info:    Font shape `JT3/mc/m/n' will be
(Font)              scaled to size 7.3977pt on input line 558.
LaTeX Font Info:    Font shape `JY3/mc/m/n' will be
(Font)              scaled to size 7.3977pt on input line 558.
! Font \JY3/mc/m/n/8.76001=file:HaranoAjiMincho-Regular.otf:-kern;jfm=ujis at 8.
10049pt not loadable: metric data not found or bad.
<to be read again> 
                   relax 
l.558 {\footnotesize
                    \global\setlength\footnotesep{\baselineskip}}
I wasn't able to read the size data for this font,
so I will ignore the font specification.
[Wizards can fix TFM files using TFtoPL/PLtoTF.]
You might try inserting a different font spec;
e.g., type `I\font<same font id>=<substitute font name>'.

\c@part=\count273
\c@section=\count274
\c@subsection=\count275
\c@subsubsection=\count276
\c@paragraph=\count277
\c@subparagraph=\count278
\@abstractbox=\box70
\c@figure=\count279
\c@table=\count280
\abovecaptionskip=\skip50
\belowcaptionskip=\skip51
LaTeX Info: Redefining \mc on input line 1213.
LaTeX Info: Redefining \gt on input line 1214.
\jsc@tocl@width=\dimen162
\@lnumwidth=\dimen163
\bibindent=\dimen164
LaTeX Info: Redefining \TeX on input line 1555.
LaTeX Info: Redefining \LaTeX on input line 1581.
LaTeX Info: Redefining \LaTeXe on input line 1606.
\heisei=\count281
)
(/usr/local/texlive/2025basic/texmf-dist/tex/luatex/luatexja/addons/luatexja-fo
ntspec.sty
Package: luatexja-fontspec 2025-09-30 fontspec support of LuaTeX-ja

(/usr/local/texlive/2025basic/texmf-dist/tex/latex/l3packages/l3keys2e/l3keys2e
.sty
Package: l3keys2e 2024-08-16 LaTeX2e option processing using LaTeX3 keys
) (/usr/local/texlive/2025basic/texmf-dist/tex/latex/fontspec/fontspec.sty
(/usr/local/texlive/2025basic/texmf-dist/tex/latex/l3packages/xparse/xparse.sty
Package: xparse 2024-08-16 L3 Experimental document command parser
)
Package: fontspec 2024/05/11 v2.9e Font selection for XeLaTeX and LuaLaTeX
Lua module: fontspec 2024/05/11 v2.9e Font selection for XeLaTeX and LuaLaTeX
(/usr/local/texlive/2025basic/texmf-dist/tex/latex/fontspec/fontspec-luatex.sty
Package: fontspec-luatex 2024/05/11 v2.9e Font selection for XeLaTeX and LuaLaT
eX
\l__fontspec_script_int=\count282
\l__fontspec_language_int=\count283
\l__fontspec_strnum_int=\count284
\l__fontspec_tmp_int=\count285
\l__fontspec_tmpa_int=\count286
\l__fontspec_tmpb_int=\count287
\l__fontspec_tmpc_int=\count288
\l__fontspec_em_int=\count289
\l__fontspec_emdef_int=\count290
\l__fontspec_strong_int=\count291
\l__fontspec_strongdef_int=\count292
\l__fontspec_tmpa_dim=\dimen165
\l__fontspec_tmpb_dim=\dimen166
\l__fontspec_tmpc_dim=\dimen167
(/usr/local/texlive/2025basic/texmf-dist/tex/latex/base/fontenc.sty
Package: fontenc 2021/04/29 v2.0v Standard LaTeX package
LaTeX Font Info:    Font shape `JY3/mc/m/n' will be
(Font)              scaled to size 9.24713pt on input line 116.

! Font \JY3/mc/m/n/10.95001=file:HaranoAjiMincho-Regular.otf:-kern;jfm=ujis at 1
0.1256pt not loadable: metric data not found or bad.
<to be read again> 
                   relax 
l.116 ...\familydefault\seriesdefault\shapedefault
                                                  
I wasn't able to read the size data for this font,
so I will ignore the font specification.
[Wizards can fix TFM files using TFtoPL/PLtoTF.]
You might try inserting a different font spec;
e.g., type `I\font<same font id>=<substitute font name>'.

)
LaTeX Font Info:    Font shape `JY3/mc/m/n' will be
(Font)              scaled to size 9.24713pt on input line 439.

! Font \JY3/mc/m/n/10.95001=file:HaranoAjiMincho-Regular.otf:-kern;jfm=ujis at 1
0.1256pt not loadable: metric data not found or bad.
<to be read again> 
                   relax 
l.439 ..._in:NnT \@filelist {.cls} { \normalsize }
                                                  
I wasn't able to read the size data for this font,
so I will ignore the font specification.
[Wizards can fix TFM files using TFtoPL/PLtoTF.]
You might try inserting a different font spec;
e.g., type `I\font<same font id>=<substitute font name>'.

(/usr/local/texlive/2025basic/texmf-dist/tex/latex/fontspec/fontspec.cfg)
LaTeX Font Info:    Font shape `JY3/mc/m/n' will be
(Font)              scaled to size 9.24713pt on input line 3978.

! Font \JY3/mc/m/n/10.95001=file:HaranoAjiMincho-Regular.otf:-kern;jfm=ujis at 1
0.1256pt not loadable: metric data not found or bad.
<to be read again> 
                   relax 
l.3978 \strongfontdeclare{\bfseries}
                                    
I wasn't able to read the size data for this font,
so I will ignore the font specification.
[Wizards can fix TFM files using TFtoPL/PLtoTF.]
You might try inserting a different font spec;
e.g., type `I\font<same font id>=<substitute font name>'.

(load cache: extra_lmroman10-bold.luc)
LaTeX Font Info:    Font shape `JT3/mc/b/n' in size <10> not available
(Font)              Font shape `JT3/gt/m/n' tried instead on input line 3978.
LaTeX Font Info:    Font shape `JT3/gt/m/n' will be
(Font)              scaled to size 8.44485pt on input line 3978.
LaTeX Font Info:    Font shape `JY3/mc/b/n' in size <10> not available
(Font)              Font shape `JY3/gt/m/n' tried instead on input line 3978.
LaTeX Font Info:    Font shape `JY3/gt/m/n' will be
(Font)              scaled to size 8.44485pt on input line 3978.
! Font \JY3/mc/b/n/10.95001=file:HaranoAjiGothic-Medium.otf:-kern;jfm=ujis at 10
.1256pt not loadable: metric data not found or bad.
<to be read again> 
                   relax 
l.3978 \strongfontdeclare{\bfseries}
                                    
I wasn't able to read the size data for this font,
so I will ignore the font specification.
[Wizards can fix TFM files using TFtoPL/PLtoTF.]
You might try inserting a different font spec;
e.g., type `I\font<same font id>=<substitute font name>'.

))
(/usr/local/texlive/2025basic/texmf-dist/tex/luatex/luatexja/patches/lltjp-font
spec.sty)
(/usr/local/texlive/2025basic/texmf-dist/tex/luatex/luatexja/addons/luatexja-fo
ntspec-29e.sty
Package: luatexja-fontspec-29e 2025-11-01 fontspec support of LuaTeX-ja
\g__ltj_fontspec_altnumber_int=\count293
))(load cache: extra_hiraminpron-w3.luc)

Package fontspec Info: 
(fontspec)             Hiragino Mincho ProN scale = 0.924715.


Package fontspec Info: 
(fontspec)             Hiragino Mincho ProN scale = 0.924715.

LaTeX Font Info:    Font shape `JY3/mc/m/n' will be
(Font)              scaled to size 9.24713pt on input line 8.

Package fontspec Info: 
(fontspec)             Hiragino Mincho ProN scale = 0.924715.

LaTeX Font Info:    Font shape `JY3/mc/m/n' will be
(Font)              scaled to size 9.24713pt on input line 8.

Package fontspec Info: 
(fontspec)             Hiragino Mincho ProN scale = 0.924715.

LaTeX Font Info:    Font shape `JY3/mc/m/n' will be
(Font)              scaled to size 9.24713pt on input line 8.

Package fontspec Info: 
(fontspec)             Hiragino Mincho ProN scale = 0.924715.

LaTeX Font Info:    Font shape `JY3/mc/m/n' will be
(Font)              scaled to size 9.24713pt on input line 8.

Package fontspec Info: 
(fontspec)             Hiragino Mincho ProN scale = 0.924715.

LaTeX Font Info:    Font shape `JY3/mc/m/n' will be
(Font)              scaled to size 9.24713pt on input line 8.
LaTeX Font Info:    Font shape `JY3/mc/m/n' will be
(Font)              scaled to size 9.24713pt on input line 8.

Package fontspec Info: 
(fontspec)             Hiragino Mincho ProN scale = 0.924715.

LaTeX Font Info:    Font shape `JY3/mc/m/n' will be
(Font)              scaled to size 9.24713pt on input line 8.
LaTeX Font Info:    Font shape `JY3/mc/m/n' will be
(Font)              scaled to size 9.24713pt on input line 8.

Package fontspec Info: 
(fontspec)             Hiragino Mincho ProN scale = 0.924715.

LaTeX Font Info:    Font shape `JY3/mc/m/n' will be
(Font)              scaled to size 9.24713pt on input line 8.
LaTeX Font Info:    Font shape `JY3/mc/m/n' will be
(Font)              scaled to size 9.24713pt on input line 8.

Package fontspec Info: 
(fontspec)             Hiragino Mincho ProN scale = 0.924715.

LaTeX Font Info:    Font shape `JY3/mc/m/n' will be
(Font)              scaled to size 9.24713pt on input line 8.
LaTeX Font Info:    Font shape `JY3/mc/m/n' will be
(Font)              scaled to size 9.24713pt on input line 8.

Package fontspec Info: 
(fontspec)             Font family 'HiraginoMinchoProN(0)' created for font
(fontspec)             'Hiragino Mincho ProN' with options
(fontspec)             [YokoFeatures={JFM=ujis},TateFeatures={JFM=ujisv},Scale=
0.924715,Kerning=Off,Script=CJK,UprightFont=*,BoldFont=*,ItalicFont=*,BoldItali
cFont=*].
(fontspec)              
(fontspec)              This font family consists of the following NFSS
(fontspec)             series/shapes:
(fontspec)              

LaTeX Font Info:    Redeclaring symbol font `mincho' on input line 8.
LaTeX Font Info:    Overwriting symbol font `mincho' in version `normal'
(Font)                  JY3/mc/m/n --> JY3/HiraginoMinchoProN(0)/m/n on input l
ine 8.
LaTeX Font Info:    Overwriting symbol font `mincho' in version `bold'
(Font)                  JY3/gt/m/n --> JY3/HiraginoMinchoProN(0)/m/n on input l
ine 8.
LaTeX Font Info:    Overwriting symbol font `mincho' in version `bold'
(Font)                  JY3/HiraginoMinchoProN(0)/m/n --> JY3/HiraginoMinchoPro
N(0)/b/n on input line 8.
LaTeX Font Info:    Font shape `JT3/HiraginoMinchoProN(0)/m/n' will be
(Font)              scaled to size 9.24713pt on input line 8.
LaTeX Font Info:    Font shape `JY3/HiraginoMinchoProN(0)/m/n' will be
(Font)              scaled to size 9.24713pt on input line 8.
(load cache: extra_hirakakupron-w3.luc)

Package fontspec Info: 
(fontspec)             Hiragino Kaku Gothic ProN scale = 0.924715.


Package fontspec Info: 
(fontspec)             Hiragino Kaku Gothic ProN scale = 0.924715.


Package fontspec Info: 
(fontspec)             Hiragino Kaku Gothic ProN scale = 0.924715.


Package fontspec Info: 
(fontspec)             Hiragino Kaku Gothic ProN scale = 0.924715.


Package fontspec Info: 
(fontspec)             Hiragino Kaku Gothic ProN scale = 0.924715.


Package fontspec Info: 
(fontspec)             Hiragino Kaku Gothic ProN scale = 0.924715.


Package fontspec Info: 
(fontspec)             Hiragino Kaku Gothic ProN scale = 0.924715.


Package fontspec Info: 
(fontspec)             Hiragino Kaku Gothic ProN scale = 0.924715.


Package fontspec Info: 
(fontspec)             Hiragino Kaku Gothic ProN scale = 0.924715.


Package fontspec Info: 
(fontspec)             Font family 'HiraginoKakuGothicProN(0)' created for
(fontspec)             font 'Hiragino Kaku Gothic ProN' with options
(fontspec)             [YokoFeatures={JFM=ujis},TateFeatures={JFM=ujisv},Scale=
0.924715,Kerning=Off,Script=CJK,UprightFont=*,BoldFont=*,ItalicFont=*,BoldItali
cFont=*].
(fontspec)              
(fontspec)              This font family consists of the following NFSS
(fontspec)             series/shapes:
(fontspec)              

LaTeX Font Info:    Redeclaring math alphabet \mathgt on input line 14.
LaTeX Font Info:    Overwriting math alphabet `\mathgt' in version `normal'
(Font)                  JY3/gt/m/n --> JY3/HiraginoKakuGothicProN(0)/m/n on inp
ut line 14.
LaTeX Font Info:    Overwriting math alphabet `\mathgt' in version `bold'
(Font)                  JY3/gt/m/n --> JY3/HiraginoKakuGothicProN(0)/m/n on inp
ut line 14.

(/usr/local/texlive/2025basic/texmf-dist/tex/latex/amsmath/amsmath.sty
Package: amsmath 2024/11/05 v2.17t AMS math features
\@mathmargin=\skip52

For additional information on amsmath, use the `?' option.
(/usr/local/texlive/2025basic/texmf-dist/tex/latex/amsmath/amstext.sty
Package: amstext 2021/08/26 v2.01 AMS text

(/usr/local/texlive/2025basic/texmf-dist/tex/latex/amsmath/amsgen.sty
File: amsgen.sty 1999/11/30 v2.0 generic functions
\@emptytoks=\toks27
\ex@=\dimen168
))
(/usr/local/texlive/2025basic/texmf-dist/tex/latex/amsmath/amsbsy.sty
Package: amsbsy 1999/11/29 v1.2d Bold Symbols
\pmbraise@=\dimen169
)
(/usr/local/texlive/2025basic/texmf-dist/tex/latex/amsmath/amsopn.sty
Package: amsopn 2022/04/08 v2.04 operator names
)
\inf@bad=\count294
LaTeX Info: Redefining \frac on input line 235.
\uproot@=\count295
\leftroot@=\count296
LaTeX Info: Redefining \overline on input line 398.
LaTeX Info: Redefining \colon on input line 409.
\classnum@=\count297
\DOTSCASE@=\count298
LaTeX Info: Redefining \ldots on input line 495.
LaTeX Info: Redefining \dots on input line 498.
LaTeX Info: Redefining \cdots on input line 619.
\Mathstrutbox@=\box71
\strutbox@=\box72
LaTeX Info: Redefining \big on input line 721.
LaTeX Info: Redefining \Big on input line 722.
LaTeX Info: Redefining \bigg on input line 723.
LaTeX Info: Redefining \Bigg on input line 724.
\big@size=\dimen170
LaTeX Font Info:    Redeclaring font encoding OML on input line 742.
LaTeX Font Info:    Redeclaring font encoding OMS on input line 743.
\macc@depth=\count299
LaTeX Info: Redefining \bmod on input line 904.
LaTeX Info: Redefining \pmod on input line 909.
LaTeX Info: Redefining \smash on input line 939.
LaTeX Info: Redefining \relbar on input line 969.
LaTeX Info: Redefining \Relbar on input line 970.
\c@MaxMatrixCols=\count300
\dotsspace@=\muskip17
\c@parentequation=\count301
\dspbrk@lvl=\count302
\tag@help=\toks28
\row@=\count303
\column@=\count304
\maxfields@=\count305
\andhelp@=\toks29
\eqnshift@=\dimen171
\alignsep@=\dimen172
\tagshift@=\dimen173
\tagwidth@=\dimen174
\totwidth@=\dimen175
\lineht@=\dimen176
\@envbody=\toks30
\multlinegap=\skip53
\multlinetaggap=\skip54
\mathdisplay@stack=\toks31
LaTeX Info: Redefining \[ on input line 2953.
LaTeX Info: Redefining \] on input line 2954.
)
(/usr/local/texlive/2025basic/texmf-dist/tex/latex/amsfonts/amssymb.sty
Package: amssymb 2013/01/14 v3.01 AMS font symbols

(/usr/local/texlive/2025basic/texmf-dist/tex/latex/amsfonts/amsfonts.sty
Package: amsfonts 2013/01/14 v3.01 Basic AMSFonts support
\symAMSa=\mathgroup5
\symAMSb=\mathgroup6
LaTeX Font Info:    Redeclaring math symbol \hbar on input line 98.
LaTeX Font Info:    Overwriting math alphabet `\mathfrak' in version `bold'
(Font)                  U/euf/m/n --> U/euf/b/n on input line 106.
))
(/usr/local/texlive/2025basic/texmf-dist/tex/latex/graphics/graphicx.sty
Package: graphicx 2021/09/16 v1.2d Enhanced LaTeX Graphics (DPC,SPQR)

(/usr/local/texlive/2025basic/texmf-dist/tex/latex/graphics/graphics.sty
Package: graphics 2024/08/06 v1.4g Standard LaTeX Graphics (DPC,SPQR)

(/usr/local/texlive/2025basic/texmf-dist/tex/latex/graphics/trig.sty
Package: trig 2023/12/02 v1.11 sin cos tan (DPC)
)
(/usr/local/texlive/2025basic/texmf-dist/tex/latex/graphics-cfg/graphics.cfg
File: graphics.cfg 2016/06/04 v1.11 sample graphics configuration
)
Package graphics Info: Driver file: luatex.def on input line 106.

(/usr/local/texlive/2025basic/texmf-dist/tex/latex/graphics-def/luatex.def
File: luatex.def 2024/04/13 v1.2e Graphics/color driver for luatex
))
\Gin@req@height=\dimen177
\Gin@req@width=\dimen178
)
(/usr/local/texlive/2025basic/texmf-dist/tex/latex/geometry/geometry.sty
Package: geometry 2020/01/02 v5.9 Page Geometry

(/usr/local/texlive/2025basic/texmf-dist/tex/generic/iftex/ifvtex.sty
Package: ifvtex 2019/10/25 v1.7 ifvtex legacy package. Use iftex instead.
)
\Gm@cnth=\count306
\Gm@cntv=\count307
\c@Gm@tempcnt=\count308
\Gm@bindingoffset=\dimen179
\Gm@wd@mp=\dimen180
\Gm@odd@mp=\dimen181
\Gm@even@mp=\dimen182
\Gm@layoutwidth=\dimen183
\Gm@layoutheight=\dimen184
\Gm@layouthoffset=\dimen185
\Gm@layoutvoffset=\dimen186
\Gm@dimlist=\toks32
)
(/usr/local/texlive/2025basic/texmf-dist/tex/latex/float/float.sty
Package: float 2001/11/08 v1.3d Float enhancements (AL)
\c@float@type=\count309
\float@exts=\toks33
\float@box=\box73
\@float@everytoks=\toks34
\@floatcapt=\box74
)
(/usr/local/texlive/2025basic/texmf-dist/tex/latex/hyperref/hyperref.sty
Package: hyperref 2024-11-05 v7.01l Hypertext links for LaTeX

(/usr/local/texlive/2025basic/texmf-dist/tex/latex/kvsetkeys/kvsetkeys.sty
Package: kvsetkeys 2022-10-05 v1.19 Key value parser (HO)
)
(/usr/local/texlive/2025basic/texmf-dist/tex/generic/kvdefinekeys/kvdefinekeys.
sty
Package: kvdefinekeys 2019-12-19 v1.6 Define keys (HO)
)
(/usr/local/texlive/2025basic/texmf-dist/tex/generic/pdfescape/pdfescape.sty
Package: pdfescape 2019/12/09 v1.15 Implements pdfTeX's escape features (HO)
)
(/usr/local/texlive/2025basic/texmf-dist/tex/latex/hycolor/hycolor.sty
Package: hycolor 2020-01-27 v1.10 Color options for hyperref/bookmark (HO)
)
(/usr/local/texlive/2025basic/texmf-dist/tex/latex/hyperref/nameref.sty
Package: nameref 2023-11-26 v2.56 Cross-referencing by name of section

(/usr/local/texlive/2025basic/texmf-dist/tex/latex/refcount/refcount.sty
Package: refcount 2019/12/15 v3.6 Data extraction from label references (HO)
)
(/usr/local/texlive/2025basic/texmf-dist/tex/generic/gettitlestring/gettitlestr
ing.sty
Package: gettitlestring 2019/12/15 v1.6 Cleanup title references (HO)

(/usr/local/texlive/2025basic/texmf-dist/tex/latex/kvoptions/kvoptions.sty
Package: kvoptions 2022-06-15 v3.15 Key value format for package options (HO)
))
\c@section@level=\count310
)
(/usr/local/texlive/2025basic/texmf-dist/tex/generic/stringenc/stringenc.sty
Package: stringenc 2019/11/29 v1.12 Convert strings between diff. encodings (HO
)
)
\@linkdim=\dimen187
\Hy@linkcounter=\count311
\Hy@pagecounter=\count312

(/usr/local/texlive/2025basic/texmf-dist/tex/latex/hyperref/pd1enc.def
File: pd1enc.def 2024-11-05 v7.01l Hyperref: PDFDocEncoding definition (HO)
)
(/usr/local/texlive/2025basic/texmf-dist/tex/generic/intcalc/intcalc.sty
Package: intcalc 2019/12/15 v1.3 Expandable calculations with integers (HO)
)
\Hy@SavedSpaceFactor=\count313

(/usr/local/texlive/2025basic/texmf-dist/tex/latex/hyperref/puenc.def
File: puenc.def 2024-11-05 v7.01l Hyperref: PDF Unicode definition (HO)
)
Package hyperref Info: Option `draft' set `false' on input line 4040.
Package hyperref Info: Hyper figures OFF on input line 4157.
Package hyperref Info: Link nesting OFF on input line 4162.
Package hyperref Info: Hyper index ON on input line 4165.
Package hyperref Info: Plain pages OFF on input line 4172.
Package hyperref Info: Backreferencing OFF on input line 4177.
Package hyperref Info: Implicit mode ON; LaTeX internals redefined.
Package hyperref Info: Bookmarks ON on input line 4424.
\c@Hy@tempcnt=\count314

(/usr/local/texlive/2025basic/texmf-dist/tex/latex/url/url.sty
\Urlmuskip=\muskip18
Package: url 2013/09/16  ver 3.4  Verb mode for urls, etc.
)
LaTeX Info: Redefining \url on input line 4763.
\XeTeXLinkMargin=\dimen188

(/usr/local/texlive/2025basic/texmf-dist/tex/generic/bitset/bitset.sty
Package: bitset 2019/12/09 v1.3 Handle bit-vector datatype (HO)

(/usr/local/texlive/2025basic/texmf-dist/tex/generic/bigintcalc/bigintcalc.sty
Package: bigintcalc 2019/12/15 v1.5 Expandable calculations on big integers (HO
)
))
\Fld@menulength=\count315
\Field@Width=\dimen189
\Fld@charsize=\dimen190
Package hyperref Info: Hyper figures OFF on input line 6042.
Package hyperref Info: Link nesting OFF on input line 6047.
Package hyperref Info: Hyper index ON on input line 6050.
Package hyperref Info: backreferencing OFF on input line 6057.
Package hyperref Info: Link coloring OFF on input line 6062.
Package hyperref Info: Link coloring with OCG OFF on input line 6067.
Package hyperref Info: PDF/A mode OFF on input line 6072.
 (/usr/local/texlive/2025basic/texmf-dist/tex/latex/base/atbegshi-ltx.sty
Package: atbegshi-ltx 2021/01/10 v1.0c Emulation of the original atbegshi
package with kernel methods
)
\Hy@abspage=\count316
\c@Item=\count317
\c@Hfootnote=\count318
)
Package hyperref Info: Driver (autodetected): hluatex.

(/usr/local/texlive/2025basic/texmf-dist/tex/latex/hyperref/hluatex.def
File: hluatex.def 2024-11-05 v7.01l Hyperref driver for luaTeX

(/usr/local/texlive/2025basic/texmf-dist/tex/latex/base/atveryend-ltx.sty
Package: atveryend-ltx 2020/08/19 v1.0a Emulation of the original atveryend pac
kage
with kernel methods
)
\Fld@listcount=\count319
\c@bookmark@seq@number=\count320

(/usr/local/texlive/2025basic/texmf-dist/tex/latex/rerunfilecheck/rerunfilechec
k.sty
Package: rerunfilecheck 2022-07-10 v1.10 Rerun checks for auxiliary files (HO)

(/usr/local/texlive/2025basic/texmf-dist/tex/generic/uniquecounter/uniquecounte
r.sty
Package: uniquecounter 2019/12/15 v1.4 Provide unlimited unique counter (HO)
)
Package uniquecounter Info: New unique counter `rerunfilecheck' on input line 2
85.
)
\Hy@SectionHShift=\skip55
)
Package hyperref Info: Option `colorlinks' set `true' on input line 27.


Package hyperref Warning: Option `pdfusetitle' has already been used,
(hyperref)                setting the option has no effect on input line 27.

(./past_exam_solutions.aux)
\openout1 = past_exam_solutions.aux

LaTeX Font Info:    Checking defaults for OML/cmm/m/it on input line 36.
LaTeX Font Info:    ... okay on input line 36.
LaTeX Font Info:    Checking defaults for OMS/cmsy/m/n on input line 36.
LaTeX Font Info:    ... okay on input line 36.
LaTeX Font Info:    Checking defaults for OT1/cmr/m/n on input line 36.
LaTeX Font Info:    ... okay on input line 36.
LaTeX Font Info:    Checking defaults for T1/cmr/m/n on input line 36.
LaTeX Font Info:    ... okay on input line 36.
LaTeX Font Info:    Checking defaults for TS1/cmr/m/n on input line 36.
LaTeX Font Info:    ... okay on input line 36.
LaTeX Font Info:    Checking defaults for TU/lmr/m/n on input line 36.
LaTeX Font Info:    ... okay on input line 36.
LaTeX Font Info:    Checking defaults for OMX/cmex/m/n on input line 36.
LaTeX Font Info:    ... okay on input line 36.
LaTeX Font Info:    Checking defaults for U/cmr/m/n on input line 36.
LaTeX Font Info:    ... okay on input line 36.
LaTeX Font Info:    Checking defaults for JY3/mc/m/n on input line 36.
LaTeX Font Info:    ... okay on input line 36.
LaTeX Font Info:    Checking defaults for JT3/mc/m/n on input line 36.
LaTeX Font Info:    ... okay on input line 36.
LaTeX Font Info:    Checking defaults for PD1/pdf/m/n on input line 36.
LaTeX Font Info:    ... okay on input line 36.
LaTeX Font Info:    Checking defaults for PU/pdf/m/n on input line 36.
LaTeX Font Info:    ... okay on input line 36.

(/usr/local/texlive/2025basic/texmf-dist/tex/context/base/mkii/supp-pdf.mkii
[Loading MPS to PDF converter (version 2006.09.02).]
\scratchcounter=\count321
\scratchdimen=\dimen191
\scratchbox=\box75
\nofMPsegments=\count322
\nofMParguments=\count323
\everyMPshowfont=\toks35
\MPscratchCnt=\count324
\MPscratchDim=\dimen192
\MPnumerator=\count325
\makeMPintoPDFobject=\count326
\everyMPtoPDFconversion=\toks36
)
(/usr/local/texlive/2025basic/texmf-dist/tex/latex/epstopdf-pkg/epstopdf-base.s
ty
Package: epstopdf-base 2020-01-24 v2.11 Base part for package epstopdf
Package epstopdf-base Info: Redefining graphics rule for `.eps' on input line 4
85.

(/usr/local/texlive/2025basic/texmf-dist/tex/latex/latexconfig/epstopdf-sys.cfg
File: epstopdf-sys.cfg 2010/07/13 v1.3 Configuration of (r)epstopdf for TeX Liv
e
))
*geometry* driver: auto-detecting
*geometry* detected driver: luatex
*geometry* verbose mode - [ preamble ] result:
* driver: luatex
* paper: a4paper
* layout: <same size as paper>
* layoutoffset:(h,v)=(0.0pt,0.0pt)
* modes: 
* h-part:(L,W,R)=(71.13188pt, 455.24411pt, 71.13188pt)
* v-part:(T,H,B)=(71.13188pt, 702.78308pt, 71.13188pt)
* \paperwidth=597.50787pt
* \paperheight=845.04684pt
* \textwidth=455.24411pt
* \textheight=702.78308pt
* \oddsidemargin=-1.1381pt
* \evensidemargin=-1.1381pt
* \topmargin=-51.49605pt
* \headheight=21.90002pt
* \headsep=28.45792pt
* \topskip=0.0pt
* \footskip=28.45792pt
* \marginparwidth=0.0pt
* \marginparsep=0.0pt
* \columnsep=0.0pt
* \skip\footins=17.52002pt plus 5.475pt minus 2.19pt
* \hoffset=0.0pt
* \voffset=0.0pt
* \mag=1000
* \@twocolumnfalse
* \@twosidefalse
* \@mparswitchfalse
* \@reversemarginfalse
* (1in=72.27pt=25.4mm, 1cm=28.453pt)

(/usr/local/texlive/2025basic/texmf-dist/tex/latex/graphics/color.sty
Package: color 2024/06/23 v1.3e Standard LaTeX Color (DPC)

(/usr/local/texlive/2025basic/texmf-dist/tex/latex/graphics-cfg/color.cfg
File: color.cfg 2016/01/02 v1.6 sample color configuration
)
Package color Info: Driver file: luatex.def on input line 149.

(/usr/local/texlive/2025basic/texmf-dist/tex/latex/graphics/mathcolor.ltx))
Package hyperref Info: Link coloring ON on input line 36.

(./past_exam_solutions.out) (./past_exam_solutions.out)
\@outlinefile=\write3

\openout3 = past_exam_solutions.out
(load cache: extra_lmroman17-regular.luc)
LaTeX Font Info:    Font shape `JT3/HiraginoMinchoProN(0)/m/n' will be
(Font)              scaled to size 15.97903pt on input line 41.
LaTeX Font Info:    Font shape `JY3/HiraginoMinchoProN(0)/m/n' will be
(Font)              scaled to size 15.97903pt on input line 41.
(load cache: extra_lmroman12-regular.luc)
LaTeX Font Info:    Font shape `JT3/HiraginoMinchoProN(0)/m/n' will be
(Font)              scaled to size 11.09656pt on input line 42.
LaTeX Font Info:    Font shape `JY3/HiraginoMinchoProN(0)/m/n' will be
(Font)              scaled to size 11.09656pt on input line 42.
LaTeX Font Info:    Font shape `JT3/HiraginoKakuGothicProN(0)/m/n' will be
(Font)              scaled to size 9.24713pt on input line 46.
LaTeX Font Info:    Font shape `JY3/HiraginoKakuGothicProN(0)/m/n' will be
(Font)              scaled to size 9.24713pt on input line 46.
(load cache: extra_lmsans10-regular.luc)
LaTeX Font Info:    Font shape `JT3/HiraginoMinchoProN(0)/m/n' will be
(Font)              scaled to size 13.31584pt on input line 46.
LaTeX Font Info:    Font shape `JY3/HiraginoMinchoProN(0)/m/n' will be
(Font)              scaled to size 13.31584pt on input line 46.
LaTeX Font Info:    Font shape `JT3/HiraginoKakuGothicProN(0)/m/n' will be
(Font)              scaled to size 13.31584pt on input line 46.
LaTeX Font Info:    Font shape `JY3/HiraginoKakuGothicProN(0)/m/n' will be
(Font)              scaled to size 13.31584pt on input line 46.
(load cache: extra_lmsans12-regular.luc)
(./past_exam_solutions.toc
LaTeX Font Info:    Font shape `JT3/HiraginoKakuGothicProN(0)/m/n' will be
(Font)              scaled to size 11.09656pt on input line 1.
LaTeX Font Info:    Font shape `JY3/HiraginoKakuGothicProN(0)/m/n' will be
(Font)              scaled to size 11.09656pt on input line 1.
LaTeX Font Info:    Calculating math sizes for size <10.95001> on input line 11
.
LaTeX Font Info:    Font shape `JY3/HiraginoMinchoProN(0)/m/n' will be
(Font)              scaled to size 6.47295pt on input line 11.
LaTeX Font Info:    Font shape `JY3/HiraginoMinchoProN(0)/m/n' will be
(Font)              scaled to size 4.62357pt on input line 11.
LaTeX Font Info:    Trying loading font information for U+msa on input line 11.


(/usr/local/texlive/2025basic/texmf-dist/tex/latex/amsfonts/umsa.fd
File: umsa.fd 2013/01/14 v3.01 AMS symbols A
)
LaTeX Font Info:    Trying loading font information for U+msb on input line 11.


(/usr/local/texlive/2025basic/texmf-dist/tex/latex/amsfonts/umsb.fd
File: umsb.fd 2013/01/14 v3.01 AMS symbols B
))
\tf@toc=\write4

\openout4 = past_exam_solutions.toc


[1

{/usr/local/texlive/2025basic/texmf-var/fonts/map/pdftex/updmap/pdftex.map}]
(./body/body_2023.tex(load cache: extra_lmsans17-regular.luc)
LaTeX Font Info:    Font shape `JT3/HiraginoKakuGothicProN(0)/m/n' will be
(Font)              scaled to size 19.17854pt on input line 4.
LaTeX Font Info:    Font shape `JY3/HiraginoKakuGothicProN(0)/m/n' will be
(Font)              scaled to size 19.17854pt on input line 4.
LaTeX Font Info:    Font shape `JT3/HiraginoMinchoProN(0)/b/n' will be
(Font)              scaled to size 9.24713pt on input line 30.
LaTeX Font Info:    Font shape `JY3/HiraginoMinchoProN(0)/b/n' will be
(Font)              scaled to size 9.24713pt on input line 30.


[2]
<figures/past2023_ex1_energy_flow.png, id=86, 570.933pt x 353.8821pt>
File: figures/past2023_ex1_energy_flow.png Graphic file (type png)
<use figures/past2023_ex1_energy_flow.png>
Package luatex.def Info: figures/past2023_ex1_energy_flow.png  used on input li
ne 65.
(luatex.def)             Requested size: 364.19667pt x 225.74937pt.
LaTeX Font Info:    Font shape `JT3/HiraginoMinchoProN(0)/m/n' will be
(Font)              scaled to size 8.32242pt on input line 66.
LaTeX Font Info:    Font shape `JY3/HiraginoMinchoProN(0)/m/n' will be
(Font)              scaled to size 8.32242pt on input line 66.
LaTeX Font Info:    Calculating math sizes for size <9.85501> on input line 66.



LaTeX Font Warning: Font shape `OT1/cmr/m/n' in size <4.5> not available
(Font)              size <5> substituted on input line 66.


LaTeX Font Warning: Font shape `OML/cmm/m/it' in size <4.5> not available
(Font)              size <5> substituted on input line 66.


LaTeX Font Warning: Font shape `OMS/cmsy/m/n' in size <4.5> not available
(Font)              size <5> substituted on input line 66.

LaTeX Font Info:    Font shape `JY3/HiraginoMinchoProN(0)/m/n' will be
(Font)              scaled to size 5.82565pt on input line 66.
LaTeX Font Info:    Font shape `JY3/HiraginoMinchoProN(0)/m/n' will be
(Font)              scaled to size 4.16121pt on input line 66.


[3<./figures/past2023_ex1_energy_flow.png>](load cache: extra_lmroman7-regular.l
uc)
LaTeX Font Info:    Font shape `JT3/HiraginoMinchoProN(0)/m/n' will be
(Font)              scaled to size 6.47295pt on input line 114.
(load cache: extra_lmroman5-regular.luc)
LaTeX Font Info:    Font shape `JT3/HiraginoMinchoProN(0)/m/n' will be
(Font)              scaled to size 4.62357pt on input line 114.

Overfull \hbox (7.12132pt too wide) detected at line 115
[][][][] \OMS/cmsy/m/n/10.95001  [] \OT1/cmr/m/n/10.95001 + 2 \OMS/cmsy/m/n/10
.95001  []  [] \OT1/cmr/m/n/10.95001 = [] + [] []
 []



[4]
<figures/past2023_ex1_Tmin.png, id=114, 570.4512pt x 352.9185pt>
File: figures/past2023_ex1_Tmin.png Graphic file (type png)
<use figures/past2023_ex1_Tmin.png>
Package luatex.def Info: figures/past2023_ex1_Tmin.png  used on input line 152.

(luatex.def)             Requested size: 341.43307pt x 211.23576pt.
<figures/past2023_ex1_setup.png, id=115, 570.933pt x 354.123pt>
File: figures/past2023_ex1_setup.png Graphic file (type png)
<use figures/past2023_ex1_setup.png>
Package luatex.def Info: figures/past2023_ex1_setup.png  used on input line 159
.
(luatex.def)             Requested size: 341.43307pt x 211.78378pt.


[5<./figures/past2023_ex1_Tmin.png>]
LaTeX Font Info:    Calculating math sizes for size <15.768> on input line 165.

LaTeX Font Info:    Font shape `JY3/HiraginoMinchoProN(0)/m/n' will be
(Font)              scaled to size 9.32104pt on input line 165.
LaTeX Font Info:    Font shape `JY3/HiraginoMinchoProN(0)/m/n' will be
(Font)              scaled to size 6.65793pt on input line 165.


Package hyperref Warning: Token not allowed in a PDF string (Unicode):
(hyperref)                removing `math shift' on input line 165.


Package hyperref Warning: Token not allowed in a PDF string (Unicode):
(hyperref)                removing `\sigma' on input line 165.


Package hyperref Warning: Token not allowed in a PDF string (Unicode):
(hyperref)                removing `superscript' on input line 165.


Package hyperref Warning: Token not allowed in a PDF string (Unicode):
(hyperref)                removing `math shift' on input line 165.



[6<./figures/past2023_ex1_setup.png>]
<figures/past2023_ex2_E_p.png, id=148, 859.0494pt x 357.2547pt>
File: figures/past2023_ex2_E_p.png Graphic file (type png)
<use figures/past2023_ex2_E_p.png>
Package luatex.def Info: figures/past2023_ex2_E_p.png  used on input line 231.
(luatex.def)             Requested size: 364.19667pt x 151.45781pt.


[7<./figures/past2023_ex2_E_p.png>]

[8]

[9]
Overfull \hbox (46.08221pt too wide) detected at line 346
[][]
 []

<figures/past2023_ex3_W_P.png, id=205, 570.6921pt x 352.9185pt>
File: figures/past2023_ex3_W_P.png Graphic file (type png)
<use figures/past2023_ex3_W_P.png>
Package luatex.def Info: figures/past2023_ex3_W_P.png  used on input line 371.
(luatex.def)             Requested size: 386.96027pt x 239.29749pt.


[10]
<figures/past2023_oscillator_Z.png, id=217, 859.0494pt x 356.7729pt>
File: figures/past2023_oscillator_Z.png Graphic file (type png)
<use figures/past2023_oscillator_Z.png>
Package luatex.def Info: figures/past2023_oscillator_Z.png  used on input line 
378.
(luatex.def)             Requested size: 364.19667pt x 151.25356pt.
) (./body/body_2024.tex
warning  (pdf backend): ignoring duplicate destination with the name 'section.1'


warning  (pdf backend): ignoring duplicate destination with the name 'subsection
.1.1'


[11<./figures/past2023_ex3_W_P.png><./figures/past2023_oscillator_Z.png>]
warning  (pdf backend): ignoring duplicate destination with the name 'subsection
.1.2'


[12]
<figures/past2024_ex1_why_entropy.png, id=240, 576.9555pt x 348.3414pt>
File: figures/past2024_ex1_why_entropy.png Graphic file (type png)
<use figures/past2024_ex1_why_entropy.png>
Package luatex.def Info: figures/past2024_ex1_why_entropy.png  used on input li
ne 78.
(luatex.def)             Requested size: 386.96027pt x 233.63202pt.


[13]
<figures/past2024_ex1_path.png, id=251, 572.3784pt x 427.3566pt>
File: figures/past2024_ex1_path.png Graphic file (type png)
<use figures/past2024_ex1_path.png>
Package luatex.def Info: figures/past2024_ex1_path.png  used on input line 85.
(luatex.def)             Requested size: 386.96027pt x 288.91623pt.

warning  (pdf backend): ignoring duplicate destination with the name 'section.2'


warning  (pdf backend): ignoring duplicate destination with the name 'subsection
.2.1'


[14<./figures/past2024_ex1_why_entropy.png><./figures/past2024_ex1_path.png>]
warning  (pdf backend): ignoring duplicate destination with the name 'subsection
.2.2'


[15]

[16]
<figures/past2024_ex2_entropy_same_diff.png, id=291, 860.013pt x 357.7365pt>
File: figures/past2024_ex2_entropy_same_diff.png Graphic file (type png)
<use figures/past2024_ex2_entropy_same_diff.png>
Package luatex.def Info: figures/past2024_ex2_entropy_same_diff.png  used on in
put line 201.
(luatex.def)             Requested size: 364.19667pt x 151.49286pt.
<figures/past2024_ex2_setup.png, id=292, 570.933pt x 354.123pt>
File: figures/past2024_ex2_setup.png Graphic file (type png)
<use figures/past2024_ex2_setup.png>
Package luatex.def Info: figures/past2024_ex2_setup.png  used on input line 224
.
(luatex.def)             Requested size: 341.43307pt x 211.78378pt.
) (./body/body_2025.tex

[17<./figures/past2024_ex2_entropy_same_diff.png>]
warning  (pdf backend): ignoring duplicate destination with the name 'section.1'


Package hyperref Warning: Token not allowed in a PDF string (Unicode):
(hyperref)                removing `math shift' on input line 7.


Package hyperref Warning: Token not allowed in a PDF string (Unicode):
(hyperref)                removing `math shift' on input line 7.


warning  (pdf backend): ignoring duplicate destination with the name 'subsection
.1.1'

warning  (pdf backend): ignoring duplicate destination with the name 'subsection
.1.2'

Overfull \hbox (24.96219pt too wide) in paragraph at lines 27--28
|\JY3/HiraginoKakuGothicProN(0)/m/n/10.95001 ■[]|問 \TU/lmss/m/n/10.95001 1 
[] |\JY3/HiraginoKakuGothicProN(0)/m/n/10.95001 温 |度 $\OML/cmm/m/it/10 T$ |
\JY3/HiraginoKakuGothicProN(0)/m/n/10.95001 を $\OML/cmm/m/it/10 U$ |\JY3/Hira
ginoKakuGothicProN(0)/m/n/10.95001 で |表 |す[] |\JY3/HiraginoMinchoProN(0)/
b/n/10.95001 熱 |力 |学 |の |関 |係 |式 $\OT1/cmr/m/n/10 1\OML/cmm/m/it/
10 =T \OT1/cmr/m/n/10 = (\OML/cmm/m/it/10 @S=@U\OT1/cmr/m/n/10 )[]$ |\JY3/Hirag
inoMinchoProN(0)/b/n/10.95001 を |用 |い |る []  $\OML/cmm/m/it/10 S \OT1/c
mr/m/n/10 = \OML/cmm/m/it/10 NR []\OT1/cmr/m/n/10 [(\OML/cmm/m/it/10 U=N\OT1/cm
r/m/n/10 )[](\OML/cmm/m/it/10 V=N\OT1/cmr/m/n/10 )[]] +
 []



[18<./figures/past2024_ex2_setup.png>]
<figures/past2025_ex1_why_T.png, id=316, 859.2903pt x 357.2547pt>
File: figures/past2025_ex1_why_T.png Graphic file (type png)
<use figures/past2025_ex1_why_T.png>
Package luatex.def Info: figures/past2025_ex1_why_T.png  used on input line 47.

(luatex.def)             Requested size: 364.19667pt x 151.4142pt.

Overfull \hbox (27.32726pt too wide) in paragraph at lines 64--66
|\JY3/HiraginoMinchoProN(0)/b/n/10.95001 エ |ン |ト |ロ |ピ |ー |変 |
化 |は []  |初 |期 $\OML/cmm/m/it/10 S[] \OT1/cmr/m/n/10 = \OML/cmm/m/it/10
 NR []\OT1/cmr/m/n/10 [(\OML/cmm/m/it/10 U=N\OT1/cmr/m/n/10 )[](\OML/cmm/m/it/1
0 V=N\OT1/cmr/m/n/10 )[]] + \OML/cmm/m/it/10 NS[]$[]  |\JY3/HiraginoMinchoProN(
0)/b/n/10.95001 終 |状 |態 $\OML/cmm/m/it/10 S[] \OT1/cmr/m/n/10 = \OML/cmm/
m/it/10 NR []\OT1/cmr/m/n/10 [(\OML/cmm/m/it/10 U[]=N\OT1/cmr/m/n/10 )[](\OML/c
mm/m/it/10 V=N\OT1/cmr/m/n/10 )[]] +
 []



[19<./figures/past2025_ex1_why_T.png>]
<figures/past2025_ex1_entropy.png, id=331, 570.2103pt x 425.6703pt>
File: figures/past2025_ex1_entropy.png Graphic file (type png)
<use figures/past2025_ex1_entropy.png>
Package luatex.def Info: figures/past2025_ex1_entropy.png  used on input line 8
9.
(luatex.def)             Requested size: 364.19667pt x 271.88246pt.

warning  (pdf backend): ignoring duplicate destination with the name 'section.2'


warning  (pdf backend): ignoring duplicate destination with the name 'subsection
.2.1'


[20<./figures/past2025_ex1_entropy.png>]
warning  (pdf backend): ignoring duplicate destination with the name 'subsection
.2.2'
<figures/past2025_ex2_energy_balance.png, id=342, 570.933pt x 353.8821pt>
File: figures/past2025_ex2_energy_balance.png Graphic file (type png)
<use figures/past2025_ex2_energy_balance.png>
Package luatex.def Info: figures/past2025_ex2_energy_balance.png  used on input
 line 143.
(luatex.def)             Requested size: 364.19667pt x 225.74937pt.


[21]
<figures/past2025_ex2_setup.png, id=357, 570.933pt x 354.123pt>
File: figures/past2025_ex2_setup.png Graphic file (type png)
<use figures/past2025_ex2_setup.png>
Package luatex.def Info: figures/past2025_ex2_setup.png  used on input line 184
.
(luatex.def)             Requested size: 341.43307pt x 211.78378pt.


[22<./figures/past2025_ex2_energy_balance.png>])

[23<./figures/past2025_ex2_setup.png>] (./past_exam_solutions.aux)
 ***********
LaTeX2e <2024-11-01> patch level 2
L3 programming layer <2025-01-18>
 ***********


LaTeX Font Warning: Size substitutions with differences
(Font)              up to 0.5pt have occurred.


LaTeX Warning: Label(s) may have changed. Rerun to get cross-references right.

Package rerunfilecheck Info: File `past_exam_solutions.out' has not changed.
(rerunfilecheck)             Checksum: 8C61A3E584B951E600EA4DC0376B7F2C;1868.
)

Here is how much of LuaTeX's memory you used:
 15236 strings out of 475506
 156560,953878 words of node,token memory allocated
 4965 words of node memory still in use:
   11 hlist, 2 vlist, 5 rule, 5 glue, 4 kern, 1 glyph, 1976 attribute, 56 glue_s
pec, 192 attribute_list, 1 write, 14 user_defined nodes
   avail lists: 1:24,2:41528,3:435,4:275,5:663,6:59,7:5052,8:104,9:2353,10:37,11
:1
 37659 multiletter control sequences out of 65536+600000
 96 fonts using 74991775 bytes
 125i,11n,128p,1902b,473s stack positions out of 10000i,1000n,20000p,200000b,200000s
</usr/local/texlive/2025basic/texmf-dist/fonts/opentype/public/lm/lmroman9-regul
ar.otf></usr/local/texlive/2025basic/texmf-dist/fonts/opentype/public/lm/lmsans1
7-regular.otf></usr/local/texlive/2025basic/texmf-dist/fonts/opentype/public/lm/
lmsans10-regular.otf></usr/local/texlive/2025basic/texmf-dist/fonts/opentype/pub
lic/lm/lmsans12-regular.otf></System/Library/Fonts/ヒラギノ角ゴシ
ック W3.ttc></System/Library/Fonts/ヒラギノ角ゴシック W3.ttc></
usr/local/texlive/2025basic/texmf-dist/fonts/opentype/public/lm/lmroman10-regula
r.otf></usr/local/texlive/2025basic/texmf-dist/fonts/opentype/public/lm/lmroman1
7-regular.otf></System/Library/Fonts/ヒラギノ明朝 ProN.ttc></System/Lib
rary/Fonts/ヒラギノ明朝 ProN.ttc></usr/local/texlive/2025basic/texmf-di
st/fonts/type1/public/amsfonts/cm/cmex10.pfb></usr/local/texlive/2025basic/texmf
-dist/fonts/type1/public/amsfonts/cm/cmmi10.pfb></usr/local/texlive/2025basic/te
xmf-dist/fonts/type1/public/amsfonts/cm/cmmi12.pfb></usr/local/texlive/2025basic
/texmf-dist/fonts/type1/public/amsfonts/cm/cmmi5.pfb></usr/local/texlive/2025bas
ic/texmf-dist/fonts/type1/public/amsfonts/cm/cmmi6.pfb></usr/local/texlive/2025b
asic/texmf-dist/fonts/type1/public/amsfonts/cm/cmmi7.pfb></usr/local/texlive/202
5basic/texmf-dist/fonts/type1/public/amsfonts/cm/cmmi9.pfb></usr/local/texlive/2
025basic/texmf-dist/fonts/type1/public/amsfonts/cm/cmr10.pfb></usr/local/texlive
/2025basic/texmf-dist/fonts/type1/public/amsfonts/cm/cmr12.pfb></usr/local/texli
ve/2025basic/texmf-dist/fonts/type1/public/amsfonts/cm/cmr5.pfb></usr/local/texl
ive/2025basic/texmf-dist/fonts/type1/public/amsfonts/cm/cmr6.pfb></usr/local/tex
live/2025basic/texmf-dist/fonts/type1/public/amsfonts/cm/cmr7.pfb></usr/local/te
xlive/2025basic/texmf-dist/fonts/type1/public/amsfonts/cm/cmr9.pfb></usr/local/t
exlive/2025basic/texmf-dist/fonts/type1/public/amsfonts/cm/cmsy10.pfb></usr/loca
l/texlive/2025basic/texmf-dist/fonts/type1/public/amsfonts/cm/cmsy6.pfb></usr/lo
cal/texlive/2025basic/texmf-dist/fonts/type1/public/amsfonts/cm/cmsy7.pfb></usr/
local/texlive/2025basic/texmf-dist/fonts/type1/public/amsfonts/cm/cmsy9.pfb></us
r/local/texlive/2025basic/texmf-dist/fonts/type1/public/amsfonts/symbols/msbm10.
pfb></usr/local/texlive/2025basic/texmf-dist/fonts/type1/public/amsfonts/symbols
/msbm7.pfb>
Output written on past_exam_solutions.pdf (23 pages, 2035996 bytes).

PDF statistics: 496 PDF objects out of 1000 (max. 8388607)
 396 compressed objects within 4 object streams
 204 named destinations out of 1000 (max. 131072)
 81 words of extra memory for PDF output out of 10000 (max. 100000000)

