\BOOKMARK [1][-]{section.1}{\376\377\157\024\177\322\0001\000\040\000\050\0002\0000\0002\0005\136\164\0001\0000\147\010\0001\0000\145\345\133\237\145\275\000\051}{}% 1
\BOOKMARK [2][-]{subsection.1.1}{\376\377\000I\000.\000\040\220\350\134\113\060\222\156\051\060\201\060\213\060\137\060\201\060\156\161\261}{section.1}% 2
\BOOKMARK [2][-]{subsection.1.2}{\376\377\000I\000I\000.\000\040\164\006\140\363\154\027\117\123\060\156\162\266\141\113\145\271\172\013\137\017\060\156\175\165}{section.1}% 3
\BOOKMARK [2][-]{subsection.1.3}{\376\377\000I\000I\000I\000.\000\040\154\027\117\123\122\006\133\120\060\156\220\037\060\125}{section.1}% 4
\BOOKMARK [2][-]{subsection.1.4}{\376\377\000I\000V\000.\000\040\060\254\060\246\060\271\172\115\122\006}{section.1}% 5
\BOOKMARK [2][-]{subsection.1.5}{\376\377\000V\000.\000\040\060\254\060\363\060\336\225\242\145\160}{section.1}% 6
\BOOKMARK [1][-]{section.2}{\376\377\157\024\177\322\0002\000\040\000\050\0002\0000\0002\0005\136\164\0001\0000\147\010\0002\0004\145\345\133\237\145\275\000\051}{}% 7
\BOOKMARK [2][-]{subsection.2.1}{\376\377\000I\000.\000\040\060\325\060\241\060\363\060\307\060\353\060\357\060\374\060\353\060\271\060\156\162\266\141\113\145\271\172\013\137\017}{section.2}% 8
\BOOKMARK [2][-]{subsection.2.2}{\376\377\000I\000I\000.\000\040\154\027\117\123\060\156\060\131\060\213\116\325\116\213}{section.2}% 9
\BOOKMARK [2][-]{subsection.2.3}{\376\377\000I\000I\000I\000.\000\040\127\047\122\233\060\156\232\330\060\125\117\235\133\130\140\047}{section.2}% 10
\BOOKMARK [2][-]{subsection.2.4}{\376\377\000I\000V\000.\000\040\171\072\221\317\131\011\145\160\060\150\171\072\137\067\131\011\145\160}{section.2}% 11
\BOOKMARK [1][-]{section.3}{\376\377\157\024\177\322\0003\000\040\000\050\0002\0000\0002\0005\136\164\0001\0001\147\010\0007\145\345\133\237\145\275\000\051}{}% 12
\BOOKMARK [2][-]{subsection.3.1}{\376\377\000I\000.\000\040\164\006\140\363\154\027\117\123\060\156\0002\162\266\141\113\060\222\175\120\060\166\0003\060\144\060\156\175\114\215\357}{section.3}% 13
\BOOKMARK [2][-]{subsection.3.2}{\376\377\000I\000I\000.\000\040\0002\060\144\060\156\164\006\140\363\154\027\117\123\060\156\161\261\143\245\211\346}{section.3}% 14
\BOOKMARK [2][-]{subsection.3.3}{\376\377\000I\000I\000I\000.\000\040\000M\000a\000y\000e\000r\060\265\060\244\060\257\060\353}{section.3}% 15
\BOOKMARK [2][-]{subsection.3.4}{\376\377\000I\000V\000.\000\040\131\047\154\027\060\156\145\255\161\261\156\033\163\207}{section.3}% 16
\BOOKMARK [1][-]{section.4}{\376\377\157\024\177\322\0004\000\040\000\050\0002\0000\0002\0005\136\164\0001\0001\147\010\0002\0001\145\345\133\237\145\275\000\051}{}% 17
\BOOKMARK [2][-]{subsection.4.1}{\376\377\000I\000.\000\040\147\000\131\047\116\325\116\213\060\156\123\237\164\006}{section.4}% 18
\BOOKMARK [2][-]{subsection.4.2}{\376\377\000I\000I\000.\000\040\161\261\152\137\225\242\060\156\122\271\163\207}{section.4}% 19
\BOOKMARK [2][-]{subsection.4.3}{\376\377\000I\000I\000I\000.\000\040\121\205\220\350\060\250\060\315\060\353\060\256\060\374\060\156\145\271\172\013\137\017}{section.4}% 20
\BOOKMARK [2][-]{subsection.4.4}{\376\377\000I\000V\040\023\000V\000.\000\040\060\325\060\241\060\363\060\307\060\353\060\357\060\374\060\353\060\271\154\027\117\123\060\150\145\255\161\261\175\332}{section.4}% 21
\BOOKMARK [1][-]{section.5}{\376\377\157\024\177\322\0005\000\040\000\050\0002\0000\0002\0005\136\164\0001\0002\147\010\0005\145\345\133\237\145\275\000\051}{}% 22
\BOOKMARK [2][-]{subsection.5.1}{\376\377\000I\000.\000\040\164\006\140\363\154\027\117\123\060\156\060\250\060\363\060\310\060\355\060\324\060\374}{section.5}% 23
\BOOKMARK [2][-]{subsection.5.2}{\376\377\000I\000I\000.\000\040\201\352\165\061\145\255\161\261\201\250\137\065\060\150\060\250\060\363\060\310\060\355\060\324\060\374}{section.5}% 24
\BOOKMARK [2][-]{subsection.5.3}{\376\377\000I\000I\000I\040\023\000I\000V\000.\000\040\0002\060\144\060\156\174\373\060\156\161\261\143\245\211\346\060\150\060\250\060\363\060\310\060\355\060\324\060\374}{section.5}% 25
\BOOKMARK [2][-]{subsection.5.4}{\376\377\000V\000.\000\040\060\325\060\241\060\363\060\307\060\353\060\357\060\374\060\353\060\271\154\027\117\123}{section.5}% 26
\BOOKMARK [1][-]{section.6}{\376\377\157\024\177\322\0006\000\040\000\050\0002\0000\0002\0005\136\164\0001\0002\147\010\0001\0009\145\345\133\237\145\275\000\051}{}% 27
\BOOKMARK [2][-]{subsection.6.1}{\376\377\000I\000.\000\040\161\261\122\233\133\146\060\156\225\242\117\302\137\017}{section.6}% 28
\BOOKMARK [2][-]{subsection.6.2}{\376\377\000I\000I\000.\000\040\217\052\060\264\060\340\060\156\161\261\122\233\133\146}{section.6}% 29
\BOOKMARK [2][-]{subsection.6.3}{\376\377\000I\000I\000I\000.\000\040\164\006\140\363\154\027\117\123\060\156\161\261\122\233\133\146\225\242\145\160}{section.6}% 30
\BOOKMARK [2][-]{subsection.6.4}{\376\377\000I\000V\040\023\000V\000.\000\040\0002\142\020\122\006\155\367\124\010\154\027\117\123\060\150\060\335\060\242\060\275\060\363\122\006\136\003}{section.6}% 31
\BOOKMARK [1][-]{section.7}{\376\377\157\024\177\322\0007\000\040\000\050\0002\0000\0002\0006\136\164\0001\147\010\0009\145\345\133\237\145\275\000\051}{}% 32
\BOOKMARK [2][-]{subsection.7.1}{\376\377\000I\000.\000\040\060\271\060\277\060\374\060\352\060\363\060\260\060\156\121\154\137\017}{section.7}% 33
\BOOKMARK [2][-]{subsection.7.2}{\376\377\000I\000I\000.\000\040\000D\153\041\121\103\164\003\060\156\117\123\172\115}{section.7}% 34
\BOOKMARK [2][-]{subsection.7.3}{\376\377\000I\000I\000I\000.\000\040\212\277\124\214\143\057\122\325\133\120\060\156\122\006\221\115\225\242\145\160}{section.7}% 35
\BOOKMARK [2][-]{subsection.7.4}{\376\377\000I\000V\000.\000\040\123\344\121\170\164\006\140\363\154\027\117\123}{section.7}% 36
